<?xml version="1.0" encoding="UTF-8"?>
<testsuite xmlns:xsi="http://www.w3.org/2001/XMLSchema-instance" xsi:noNamespaceSchemaLocation="https://maven.apache.org/surefire/maven-surefire-plugin/xsd/surefire-test-report.xsd" version="3.0.2" name="tqs.sets.BoundedSetOfNaturalsTest" time="0.043" tests="14" errors="0" skipped="0" failures="0">
  <properties>
[...]
</properties>
  <testcase name="testHashCodeForEqualObjects" classname="tqs.sets.BoundedSetOfNaturalsTest" time="0.001"/>
  <testcase name="testIntersectsWithEmptySet" classname="tqs.sets.BoundedSetOfNaturalsTest" time="0.003"/>
  <testcase name="testIntersectsWithNoCommonElement" classname="tqs.sets.BoundedSetOfNaturalsTest" time="0.001"/>
  <testcase name="testEqualsWithDifferentElements" classname="tqs.sets.BoundedSetOfNaturalsTest" time="0.003"/>
  <testcase name="testIntersectsWithCommonElement" classname="tqs.sets.BoundedSetOfNaturalsTest" time="0.002"/>
  <testcase name="testAddElement" classname="tqs.sets.BoundedSetOfNaturalsTest" time="0.003">
    <system-out><![CDATA[Erro ao adicionar 11: bounded set is full. no more elements allowed.
]]></system-out>
  </testcase>
  <testcase name="testAddBeyondMaxSizeThrowsException" classname="tqs.sets.BoundedSetOfNaturalsTest" time="0.002"/>
  <testcase name="testFromArrayCreatesCorrectSet" classname="tqs.sets.BoundedSetOfNaturalsTest" time="0.001"/>
  <testcase name="testAddNegativeElementThrowsException" classname="tqs.sets.BoundedSetOfNaturalsTest" time="0.003"/>
  <testcase name="testEqualsWithDifferentClass" classname="tqs.sets.BoundedSetOfNaturalsTest" time="0.002"/>
  <testcase name="testEqualsWithSameObject" classname="tqs.sets.BoundedSetOfNaturalsTest" time="0.001"/>
  <testcase name="testAddDuplicateElementThrowsException" classname="tqs.sets.BoundedSetOfNaturalsTest" time="0.005"/>
  <testcase name="testAddFromBadArray" classname="tqs.sets.BoundedSetOfNaturalsTest" time="0.001"/>
  <testcase name="testEqualsWithNull" classname="tqs.sets.BoundedSetOfNaturalsTest" time="0.001"/>
</testsuite>